<?xml version="1.0" encoding="UTF-8"?>
<!-- Generated by org.testng.reporters.JUnitXMLReporter -->
<testsuite ignored="0" hostname="LIN51015656" failures="0" tests="3" name="Test" time="59.168" errors="0" timestamp="2022-07-15T11:31:27 IST">
  <testcase classname="academy.homePage" name="checkbroswerInitialization" time="19.138"/>
  <testcase classname="academy.homePage" name="checkbroswerInitialization" time="17.002"/>
  <testcase classname="academy.ValidateNavigationBar" name="basePageNavigation" time="0.102"/>
</testsuite> <!-- Test -->
